ERROR - 2023-05-30 08:24:57 --> Error connecting to the database: mysqli_sql_exception: Unknown database 'platformm' in C:\Users\HP OEM\Desktop\ci-testing\vendor\codeigniter4\framework\system\Database\MySQLi\Connection.php:174
Stack trace:
#0 C:\Users\HP OEM\Desktop\ci-testing\vendor\codeigniter4\framework\system\Database\MySQLi\Connection.php(174): mysqli->real_connect('localhost', 'root', '', 'platformm', 3306, '', 0)
#1 C:\Users\HP OEM\Desktop\ci-testing\vendor\codeigniter4\framework\system\Database\BaseConnection.php(391): CodeIgniter\Database\MySQLi\Connection->connect(false)
#2 C:\Users\HP OEM\Desktop\ci-testing\vendor\codeigniter4\framework\system\Database\BaseConnection.php(574): CodeIgniter\Database\BaseConnection->initialize()
#3 C:\Users\HP OEM\Desktop\ci-testing\vendor\codeigniter4\framework\system\Database\BaseBuilder.php(1616): CodeIgniter\Database\BaseConnection->query('SELECT *\nFROM `...', Array, false)
#4 C:\Users\HP OEM\Desktop\ci-testing\vendor\codeigniter4\framework\system\Model.php(241): CodeIgniter\Database\BaseBuilder->get()
#5 C:\Users\HP OEM\Desktop\ci-testing\vendor\codeigniter4\framework\system\BaseModel.php(618): CodeIgniter\Model->doFindAll(0, 0)
#6 C:\Users\HP OEM\Desktop\ci-testing\app\Controllers\AsistenController.php(11): CodeIgniter\BaseModel->findAll()
#7 C:\Users\HP OEM\Desktop\ci-testing\vendor\codeigniter4\framework\system\CodeIgniter.php(934): App\Controllers\AsistenController->index()
#8 C:\Users\HP OEM\Desktop\ci-testing\vendor\codeigniter4\framework\system\CodeIgniter.php(499): CodeIgniter\CodeIgniter->runController(Object(App\Controllers\AsistenController))
#9 C:\Users\HP OEM\Desktop\ci-testing\vendor\codeigniter4\framework\system\CodeIgniter.php(368): CodeIgniter\CodeIgniter->handleRequest(NULL, Object(Config\Cache), false)
#10 C:\Users\HP OEM\Desktop\ci-testing\public\index.php(67): CodeIgniter\CodeIgniter->run()
#11 C:\Users\HP OEM\Desktop\ci-testing\vendor\codeigniter4\framework\system\Commands\Server\rewrite.php(47): require_once('C:\\Users\\HP OEM...')
#12 {main}

Next CodeIgniter\Database\Exceptions\DatabaseException: Unknown database 'platformm' in C:\Users\HP OEM\Desktop\ci-testing\vendor\codeigniter4\framework\system\Database\MySQLi\Connection.php:218
Stack trace:
#0 C:\Users\HP OEM\Desktop\ci-testing\vendor\codeigniter4\framework\system\Database\BaseConnection.php(391): CodeIgniter\Database\MySQLi\Connection->connect(false)
#1 C:\Users\HP OEM\Desktop\ci-testing\vendor\codeigniter4\framework\system\Database\BaseConnection.php(574): CodeIgniter\Database\BaseConnection->initialize()
#2 C:\Users\HP OEM\Desktop\ci-testing\vendor\codeigniter4\framework\system\Database\BaseBuilder.php(1616): CodeIgniter\Database\BaseConnection->query('SELECT *\nFROM `...', Array, false)
#3 C:\Users\HP OEM\Desktop\ci-testing\vendor\codeigniter4\framework\system\Model.php(241): CodeIgniter\Database\BaseBuilder->get()
#4 C:\Users\HP OEM\Desktop\ci-testing\vendor\codeigniter4\framework\system\BaseModel.php(618): CodeIgniter\Model->doFindAll(0, 0)
#5 C:\Users\HP OEM\Desktop\ci-testing\app\Controllers\AsistenController.php(11): CodeIgniter\BaseModel->findAll()
#6 C:\Users\HP OEM\Desktop\ci-testing\vendor\codeigniter4\framework\system\CodeIgniter.php(934): App\Controllers\AsistenController->index()
#7 C:\Users\HP OEM\Desktop\ci-testing\vendor\codeigniter4\framework\system\CodeIgniter.php(499): CodeIgniter\CodeIgniter->runController(Object(App\Controllers\AsistenController))
#8 C:\Users\HP OEM\Desktop\ci-testing\vendor\codeigniter4\framework\system\CodeIgniter.php(368): CodeIgniter\CodeIgniter->handleRequest(NULL, Object(Config\Cache), false)
#9 C:\Users\HP OEM\Desktop\ci-testing\public\index.php(67): CodeIgniter\CodeIgniter->run()
#10 C:\Users\HP OEM\Desktop\ci-testing\vendor\codeigniter4\framework\system\Commands\Server\rewrite.php(47): require_once('C:\\Users\\HP OEM...')
#11 {main}
CRITICAL - 2023-05-30 08:24:57 --> Unable to connect to the database.
Main connection [MySQLi]: Unknown database 'platformm'
in SYSTEMPATH\Database\BaseConnection.php on line 427.
 1 SYSTEMPATH\Database\BaseConnection.php(574): CodeIgniter\Database\BaseConnection->initialize()
 2 SYSTEMPATH\Database\BaseBuilder.php(1616): CodeIgniter\Database\BaseConnection->query('SELECT *
FROM `asisten`', [], false)
 3 SYSTEMPATH\Model.php(241): CodeIgniter\Database\BaseBuilder->get()
 4 SYSTEMPATH\BaseModel.php(618): CodeIgniter\Model->doFindAll(0, 0)
 5 APPPATH\Controllers\AsistenController.php(11): CodeIgniter\BaseModel->findAll()
 6 SYSTEMPATH\CodeIgniter.php(934): App\Controllers\AsistenController->index()
 7 SYSTEMPATH\CodeIgniter.php(499): CodeIgniter\CodeIgniter->runController(Object(App\Controllers\AsistenController))
 8 SYSTEMPATH\CodeIgniter.php(368): CodeIgniter\CodeIgniter->handleRequest(null, Object(Config\Cache), false)
 9 FCPATH\index.php(67): CodeIgniter\CodeIgniter->run()
10 SYSTEMPATH\Commands\Server\rewrite.php(47): require_once('C:\\Users\\HP OEM\\Desktop\\ci-testing\\public\\index.php')
