CRITICAL - 2023-05-24 03:21:43 --> Undefined array key "pesan"
in APPPATH\Controllers\PesanController.php on line 8.
 1 APPPATH\Controllers\PesanController.php(8): CodeIgniter\Debug\Exceptions->errorHandler(2, 'Undefined array key "pesan"', 'C:\\Users\\HP OEM\\Desktop\\ci-testing\\app\\Controllers\\PesanController.php', 8)
 2 SYSTEMPATH\CodeIgniter.php(934): App\Controllers\PesanController->proses()
 3 SYSTEMPATH\CodeIgniter.php(499): CodeIgniter\CodeIgniter->runController(Object(App\Controllers\PesanController))
 4 SYSTEMPATH\CodeIgniter.php(368): CodeIgniter\CodeIgniter->handleRequest(null, Object(Config\Cache), false)
 5 FCPATH\index.php(67): CodeIgniter\CodeIgniter->run()
 6 SYSTEMPATH\Commands\Server\rewrite.php(47): require_once('C:\\Users\\HP OEM\\Desktop\\ci-testing\\public\\index.php')
CRITICAL - 2023-05-24 03:21:57 --> Undefined array key "pesan"
in APPPATH\Controllers\PesanController.php on line 8.
 1 APPPATH\Controllers\PesanController.php(8): CodeIgniter\Debug\Exceptions->errorHandler(2, 'Undefined array key "pesan"', 'C:\\Users\\HP OEM\\Desktop\\ci-testing\\app\\Controllers\\PesanController.php', 8)
 2 SYSTEMPATH\CodeIgniter.php(934): App\Controllers\PesanController->proses()
 3 SYSTEMPATH\CodeIgniter.php(499): CodeIgniter\CodeIgniter->runController(Object(App\Controllers\PesanController))
 4 SYSTEMPATH\CodeIgniter.php(368): CodeIgniter\CodeIgniter->handleRequest(null, Object(Config\Cache), false)
 5 FCPATH\index.php(67): CodeIgniter\CodeIgniter->run()
 6 SYSTEMPATH\Commands\Server\rewrite.php(47): require_once('C:\\Users\\HP OEM\\Desktop\\ci-testing\\public\\index.php')
CRITICAL - 2023-05-24 04:06:12 --> Undefined array key "nama"
in APPPATH\Controllers\Mahasiswa.php on line 15.
 1 APPPATH\Controllers\Mahasiswa.php(15): CodeIgniter\Debug\Exceptions->errorHandler(2, 'Undefined array key "nama"', 'C:\\Users\\HP OEM\\Desktop\\ci-testing\\app\\Controllers\\Mahasiswa.php', 15)
 2 SYSTEMPATH\CodeIgniter.php(934): App\Controllers\Mahasiswa->proses()
 3 SYSTEMPATH\CodeIgniter.php(499): CodeIgniter\CodeIgniter->runController(Object(App\Controllers\Mahasiswa))
 4 SYSTEMPATH\CodeIgniter.php(368): CodeIgniter\CodeIgniter->handleRequest(null, Object(Config\Cache), false)
 5 FCPATH\index.php(67): CodeIgniter\CodeIgniter->run()
 6 SYSTEMPATH\Commands\Server\rewrite.php(47): require_once('C:\\Users\\HP OEM\\Desktop\\ci-testing\\public\\index.php')
CRITICAL - 2023-05-24 04:07:28 --> Undefined array key "nama"
in APPPATH\Controllers\Mahasiswa.php on line 15.
 1 APPPATH\Controllers\Mahasiswa.php(15): CodeIgniter\Debug\Exceptions->errorHandler(2, 'Undefined array key "nama"', 'C:\\Users\\HP OEM\\Desktop\\ci-testing\\app\\Controllers\\Mahasiswa.php', 15)
 2 SYSTEMPATH\CodeIgniter.php(934): App\Controllers\Mahasiswa->proses()
 3 SYSTEMPATH\CodeIgniter.php(499): CodeIgniter\CodeIgniter->runController(Object(App\Controllers\Mahasiswa))
 4 SYSTEMPATH\CodeIgniter.php(368): CodeIgniter\CodeIgniter->handleRequest(null, Object(Config\Cache), false)
 5 FCPATH\index.php(67): CodeIgniter\CodeIgniter->run()
 6 SYSTEMPATH\Commands\Server\rewrite.php(47): require_once('C:\\Users\\HP OEM\\Desktop\\ci-testing\\public\\index.php')
CRITICAL - 2023-05-24 04:07:58 --> Undefined array key "nama"
in APPPATH\Controllers\Mahasiswa.php on line 15.
 1 APPPATH\Controllers\Mahasiswa.php(15): CodeIgniter\Debug\Exceptions->errorHandler(2, 'Undefined array key "nama"', 'C:\\Users\\HP OEM\\Desktop\\ci-testing\\app\\Controllers\\Mahasiswa.php', 15)
 2 SYSTEMPATH\CodeIgniter.php(934): App\Controllers\Mahasiswa->proses()
 3 SYSTEMPATH\CodeIgniter.php(499): CodeIgniter\CodeIgniter->runController(Object(App\Controllers\Mahasiswa))
 4 SYSTEMPATH\CodeIgniter.php(368): CodeIgniter\CodeIgniter->handleRequest(null, Object(Config\Cache), false)
 5 FCPATH\index.php(67): CodeIgniter\CodeIgniter->run()
 6 SYSTEMPATH\Commands\Server\rewrite.php(47): require_once('C:\\Users\\HP OEM\\Desktop\\ci-testing\\public\\index.php')
CRITICAL - 2023-05-24 05:32:51 --> Undefined array key "pesan"
in APPPATH\Controllers\PesanController.php on line 8.
 1 APPPATH\Controllers\PesanController.php(8): CodeIgniter\Debug\Exceptions->errorHandler(2, 'Undefined array key "pesan"', 'C:\\Users\\HP OEM\\Desktop\\ci-testing\\app\\Controllers\\PesanController.php', 8)
 2 SYSTEMPATH\CodeIgniter.php(934): App\Controllers\PesanController->proses()
 3 SYSTEMPATH\CodeIgniter.php(499): CodeIgniter\CodeIgniter->runController(Object(App\Controllers\PesanController))
 4 SYSTEMPATH\CodeIgniter.php(368): CodeIgniter\CodeIgniter->handleRequest(null, Object(Config\Cache), false)
 5 FCPATH\index.php(67): CodeIgniter\CodeIgniter->run()
 6 SYSTEMPATH\Commands\Server\rewrite.php(47): require_once('C:\\Users\\HP OEM\\Desktop\\ci-testing\\public\\index.php')
ERROR - 2023-05-24 07:27:00 --> Error connecting to the database: mysqli_sql_exception: Access denied for user 'root'@'localhost' (using password: YES) in C:\Users\HP OEM\Desktop\ci-testing\vendor\codeigniter4\framework\system\Database\MySQLi\Connection.php:174
Stack trace:
#0 C:\Users\HP OEM\Desktop\ci-testing\vendor\codeigniter4\framework\system\Database\MySQLi\Connection.php(174): mysqli->real_connect('localhost', 'root', 'root', 'platform', 3306, '', 0)
#1 C:\Users\HP OEM\Desktop\ci-testing\vendor\codeigniter4\framework\system\Database\BaseConnection.php(391): CodeIgniter\Database\MySQLi\Connection->connect(false)
#2 C:\Users\HP OEM\Desktop\ci-testing\vendor\codeigniter4\framework\system\Database\BaseConnection.php(574): CodeIgniter\Database\BaseConnection->initialize()
#3 C:\Users\HP OEM\Desktop\ci-testing\vendor\codeigniter4\framework\system\Database\BaseBuilder.php(1616): CodeIgniter\Database\BaseConnection->query('SELECT *\nFROM `...', Array, false)
#4 C:\Users\HP OEM\Desktop\ci-testing\vendor\codeigniter4\framework\system\Model.php(241): CodeIgniter\Database\BaseBuilder->get()
#5 C:\Users\HP OEM\Desktop\ci-testing\vendor\codeigniter4\framework\system\BaseModel.php(618): CodeIgniter\Model->doFindAll(0, 0)
#6 C:\Users\HP OEM\Desktop\ci-testing\app\Models\NewsModel.php(14): CodeIgniter\BaseModel->findAll()
#7 C:\Users\HP OEM\Desktop\ci-testing\app\Controllers\News.php(16): App\Models\NewsModel->getNews()
#8 C:\Users\HP OEM\Desktop\ci-testing\vendor\codeigniter4\framework\system\CodeIgniter.php(934): App\Controllers\News->index()
#9 C:\Users\HP OEM\Desktop\ci-testing\vendor\codeigniter4\framework\system\CodeIgniter.php(499): CodeIgniter\CodeIgniter->runController(Object(App\Controllers\News))
#10 C:\Users\HP OEM\Desktop\ci-testing\vendor\codeigniter4\framework\system\CodeIgniter.php(368): CodeIgniter\CodeIgniter->handleRequest(NULL, Object(Config\Cache), false)
#11 C:\Users\HP OEM\Desktop\ci-testing\public\index.php(67): CodeIgniter\CodeIgniter->run()
#12 C:\Users\HP OEM\Desktop\ci-testing\vendor\codeigniter4\framework\system\Commands\Server\rewrite.php(47): require_once('C:\\Users\\HP OEM...')
#13 {main}

Next CodeIgniter\Database\Exceptions\DatabaseException: Access denied for user '****'@'localhost' (using password: YES) in C:\Users\HP OEM\Desktop\ci-testing\vendor\codeigniter4\framework\system\Database\MySQLi\Connection.php:218
Stack trace:
#0 C:\Users\HP OEM\Desktop\ci-testing\vendor\codeigniter4\framework\system\Database\BaseConnection.php(391): CodeIgniter\Database\MySQLi\Connection->connect(false)
#1 C:\Users\HP OEM\Desktop\ci-testing\vendor\codeigniter4\framework\system\Database\BaseConnection.php(574): CodeIgniter\Database\BaseConnection->initialize()
#2 C:\Users\HP OEM\Desktop\ci-testing\vendor\codeigniter4\framework\system\Database\BaseBuilder.php(1616): CodeIgniter\Database\BaseConnection->query('SELECT *\nFROM `...', Array, false)
#3 C:\Users\HP OEM\Desktop\ci-testing\vendor\codeigniter4\framework\system\Model.php(241): CodeIgniter\Database\BaseBuilder->get()
#4 C:\Users\HP OEM\Desktop\ci-testing\vendor\codeigniter4\framework\system\BaseModel.php(618): CodeIgniter\Model->doFindAll(0, 0)
#5 C:\Users\HP OEM\Desktop\ci-testing\app\Models\NewsModel.php(14): CodeIgniter\BaseModel->findAll()
#6 C:\Users\HP OEM\Desktop\ci-testing\app\Controllers\News.php(16): App\Models\NewsModel->getNews()
#7 C:\Users\HP OEM\Desktop\ci-testing\vendor\codeigniter4\framework\system\CodeIgniter.php(934): App\Controllers\News->index()
#8 C:\Users\HP OEM\Desktop\ci-testing\vendor\codeigniter4\framework\system\CodeIgniter.php(499): CodeIgniter\CodeIgniter->runController(Object(App\Controllers\News))
#9 C:\Users\HP OEM\Desktop\ci-testing\vendor\codeigniter4\framework\system\CodeIgniter.php(368): CodeIgniter\CodeIgniter->handleRequest(NULL, Object(Config\Cache), false)
#10 C:\Users\HP OEM\Desktop\ci-testing\public\index.php(67): CodeIgniter\CodeIgniter->run()
#11 C:\Users\HP OEM\Desktop\ci-testing\vendor\codeigniter4\framework\system\Commands\Server\rewrite.php(47): require_once('C:\\Users\\HP OEM...')
#12 {main}
CRITICAL - 2023-05-24 07:27:00 --> Unable to connect to the database.
Main connection [MySQLi]: Access denied for user '****'@'localhost' (using password: YES)
in SYSTEMPATH\Database\BaseConnection.php on line 427.
 1 SYSTEMPATH\Database\BaseConnection.php(574): CodeIgniter\Database\BaseConnection->initialize()
 2 SYSTEMPATH\Database\BaseBuilder.php(1616): CodeIgniter\Database\BaseConnection->query('SELECT *
FROM `news`', [], false)
 3 SYSTEMPATH\Model.php(241): CodeIgniter\Database\BaseBuilder->get()
 4 SYSTEMPATH\BaseModel.php(618): CodeIgniter\Model->doFindAll(0, 0)
 5 APPPATH\Models\NewsModel.php(14): CodeIgniter\BaseModel->findAll()
 6 APPPATH\Controllers\News.php(16): App\Models\NewsModel->getNews()
 7 SYSTEMPATH\CodeIgniter.php(934): App\Controllers\News->index()
 8 SYSTEMPATH\CodeIgniter.php(499): CodeIgniter\CodeIgniter->runController(Object(App\Controllers\News))
 9 SYSTEMPATH\CodeIgniter.php(368): CodeIgniter\CodeIgniter->handleRequest(null, Object(Config\Cache), false)
10 FCPATH\index.php(67): CodeIgniter\CodeIgniter->run()
11 SYSTEMPATH\Commands\Server\rewrite.php(47): require_once('C:\\Users\\HP OEM\\Desktop\\ci-testing\\public\\index.php')
ERROR - 2023-05-24 07:27:14 --> Error connecting to the database: mysqli_sql_exception: Access denied for user 'root'@'localhost' (using password: YES) in C:\Users\HP OEM\Desktop\ci-testing\vendor\codeigniter4\framework\system\Database\MySQLi\Connection.php:174
Stack trace:
#0 C:\Users\HP OEM\Desktop\ci-testing\vendor\codeigniter4\framework\system\Database\MySQLi\Connection.php(174): mysqli->real_connect('localhost', 'root', 'root', 'platform', 3306, '', 0)
#1 C:\Users\HP OEM\Desktop\ci-testing\vendor\codeigniter4\framework\system\Database\BaseConnection.php(391): CodeIgniter\Database\MySQLi\Connection->connect(false)
#2 C:\Users\HP OEM\Desktop\ci-testing\vendor\codeigniter4\framework\system\Database\BaseConnection.php(574): CodeIgniter\Database\BaseConnection->initialize()
#3 C:\Users\HP OEM\Desktop\ci-testing\vendor\codeigniter4\framework\system\Database\BaseBuilder.php(1616): CodeIgniter\Database\BaseConnection->query('SELECT *\nFROM `...', Array, false)
#4 C:\Users\HP OEM\Desktop\ci-testing\vendor\codeigniter4\framework\system\Model.php(241): CodeIgniter\Database\BaseBuilder->get()
#5 C:\Users\HP OEM\Desktop\ci-testing\vendor\codeigniter4\framework\system\BaseModel.php(618): CodeIgniter\Model->doFindAll(0, 0)
#6 C:\Users\HP OEM\Desktop\ci-testing\app\Models\NewsModel.php(14): CodeIgniter\BaseModel->findAll()
#7 C:\Users\HP OEM\Desktop\ci-testing\app\Controllers\News.php(16): App\Models\NewsModel->getNews()
#8 C:\Users\HP OEM\Desktop\ci-testing\vendor\codeigniter4\framework\system\CodeIgniter.php(934): App\Controllers\News->index()
#9 C:\Users\HP OEM\Desktop\ci-testing\vendor\codeigniter4\framework\system\CodeIgniter.php(499): CodeIgniter\CodeIgniter->runController(Object(App\Controllers\News))
#10 C:\Users\HP OEM\Desktop\ci-testing\vendor\codeigniter4\framework\system\CodeIgniter.php(368): CodeIgniter\CodeIgniter->handleRequest(NULL, Object(Config\Cache), false)
#11 C:\Users\HP OEM\Desktop\ci-testing\public\index.php(67): CodeIgniter\CodeIgniter->run()
#12 C:\Users\HP OEM\Desktop\ci-testing\vendor\codeigniter4\framework\system\Commands\Server\rewrite.php(47): require_once('C:\\Users\\HP OEM...')
#13 {main}

Next CodeIgniter\Database\Exceptions\DatabaseException: Access denied for user '****'@'localhost' (using password: YES) in C:\Users\HP OEM\Desktop\ci-testing\vendor\codeigniter4\framework\system\Database\MySQLi\Connection.php:218
Stack trace:
#0 C:\Users\HP OEM\Desktop\ci-testing\vendor\codeigniter4\framework\system\Database\BaseConnection.php(391): CodeIgniter\Database\MySQLi\Connection->connect(false)
#1 C:\Users\HP OEM\Desktop\ci-testing\vendor\codeigniter4\framework\system\Database\BaseConnection.php(574): CodeIgniter\Database\BaseConnection->initialize()
#2 C:\Users\HP OEM\Desktop\ci-testing\vendor\codeigniter4\framework\system\Database\BaseBuilder.php(1616): CodeIgniter\Database\BaseConnection->query('SELECT *\nFROM `...', Array, false)
#3 C:\Users\HP OEM\Desktop\ci-testing\vendor\codeigniter4\framework\system\Model.php(241): CodeIgniter\Database\BaseBuilder->get()
#4 C:\Users\HP OEM\Desktop\ci-testing\vendor\codeigniter4\framework\system\BaseModel.php(618): CodeIgniter\Model->doFindAll(0, 0)
#5 C:\Users\HP OEM\Desktop\ci-testing\app\Models\NewsModel.php(14): CodeIgniter\BaseModel->findAll()
#6 C:\Users\HP OEM\Desktop\ci-testing\app\Controllers\News.php(16): App\Models\NewsModel->getNews()
#7 C:\Users\HP OEM\Desktop\ci-testing\vendor\codeigniter4\framework\system\CodeIgniter.php(934): App\Controllers\News->index()
#8 C:\Users\HP OEM\Desktop\ci-testing\vendor\codeigniter4\framework\system\CodeIgniter.php(499): CodeIgniter\CodeIgniter->runController(Object(App\Controllers\News))
#9 C:\Users\HP OEM\Desktop\ci-testing\vendor\codeigniter4\framework\system\CodeIgniter.php(368): CodeIgniter\CodeIgniter->handleRequest(NULL, Object(Config\Cache), false)
#10 C:\Users\HP OEM\Desktop\ci-testing\public\index.php(67): CodeIgniter\CodeIgniter->run()
#11 C:\Users\HP OEM\Desktop\ci-testing\vendor\codeigniter4\framework\system\Commands\Server\rewrite.php(47): require_once('C:\\Users\\HP OEM...')
#12 {main}
CRITICAL - 2023-05-24 07:27:14 --> Unable to connect to the database.
Main connection [MySQLi]: Access denied for user '****'@'localhost' (using password: YES)
in SYSTEMPATH\Database\BaseConnection.php on line 427.
 1 SYSTEMPATH\Database\BaseConnection.php(574): CodeIgniter\Database\BaseConnection->initialize()
 2 SYSTEMPATH\Database\BaseBuilder.php(1616): CodeIgniter\Database\BaseConnection->query('SELECT *
FROM `news`', [], false)
 3 SYSTEMPATH\Model.php(241): CodeIgniter\Database\BaseBuilder->get()
 4 SYSTEMPATH\BaseModel.php(618): CodeIgniter\Model->doFindAll(0, 0)
 5 APPPATH\Models\NewsModel.php(14): CodeIgniter\BaseModel->findAll()
 6 APPPATH\Controllers\News.php(16): App\Models\NewsModel->getNews()
 7 SYSTEMPATH\CodeIgniter.php(934): App\Controllers\News->index()
 8 SYSTEMPATH\CodeIgniter.php(499): CodeIgniter\CodeIgniter->runController(Object(App\Controllers\News))
 9 SYSTEMPATH\CodeIgniter.php(368): CodeIgniter\CodeIgniter->handleRequest(null, Object(Config\Cache), false)
10 FCPATH\index.php(67): CodeIgniter\CodeIgniter->run()
11 SYSTEMPATH\Commands\Server\rewrite.php(47): require_once('C:\\Users\\HP OEM\\Desktop\\ci-testing\\public\\index.php')
ERROR - 2023-05-24 07:29:12 --> Error connecting to the database: mysqli_sql_exception: Access denied for user 'root'@'localhost' (using password: YES) in C:\Users\HP OEM\Desktop\ci-testing\vendor\codeigniter4\framework\system\Database\MySQLi\Connection.php:174
Stack trace:
#0 C:\Users\HP OEM\Desktop\ci-testing\vendor\codeigniter4\framework\system\Database\MySQLi\Connection.php(174): mysqli->real_connect('localhost', 'root', 'root', 'platform', 3306, '', 0)
#1 C:\Users\HP OEM\Desktop\ci-testing\vendor\codeigniter4\framework\system\Database\BaseConnection.php(391): CodeIgniter\Database\MySQLi\Connection->connect(false)
#2 C:\Users\HP OEM\Desktop\ci-testing\vendor\codeigniter4\framework\system\Database\BaseConnection.php(574): CodeIgniter\Database\BaseConnection->initialize()
#3 C:\Users\HP OEM\Desktop\ci-testing\vendor\codeigniter4\framework\system\Database\BaseBuilder.php(1616): CodeIgniter\Database\BaseConnection->query('SELECT *\nFROM `...', Array, false)
#4 C:\Users\HP OEM\Desktop\ci-testing\vendor\codeigniter4\framework\system\Model.php(241): CodeIgniter\Database\BaseBuilder->get()
#5 C:\Users\HP OEM\Desktop\ci-testing\vendor\codeigniter4\framework\system\BaseModel.php(618): CodeIgniter\Model->doFindAll(0, 0)
#6 C:\Users\HP OEM\Desktop\ci-testing\app\Models\NewsModel.php(14): CodeIgniter\BaseModel->findAll()
#7 C:\Users\HP OEM\Desktop\ci-testing\app\Controllers\News.php(16): App\Models\NewsModel->getNews()
#8 C:\Users\HP OEM\Desktop\ci-testing\vendor\codeigniter4\framework\system\CodeIgniter.php(934): App\Controllers\News->index()
#9 C:\Users\HP OEM\Desktop\ci-testing\vendor\codeigniter4\framework\system\CodeIgniter.php(499): CodeIgniter\CodeIgniter->runController(Object(App\Controllers\News))
#10 C:\Users\HP OEM\Desktop\ci-testing\vendor\codeigniter4\framework\system\CodeIgniter.php(368): CodeIgniter\CodeIgniter->handleRequest(NULL, Object(Config\Cache), false)
#11 C:\Users\HP OEM\Desktop\ci-testing\public\index.php(67): CodeIgniter\CodeIgniter->run()
#12 C:\Users\HP OEM\Desktop\ci-testing\vendor\codeigniter4\framework\system\Commands\Server\rewrite.php(47): require_once('C:\\Users\\HP OEM...')
#13 {main}

Next CodeIgniter\Database\Exceptions\DatabaseException: Access denied for user '****'@'localhost' (using password: YES) in C:\Users\HP OEM\Desktop\ci-testing\vendor\codeigniter4\framework\system\Database\MySQLi\Connection.php:218
Stack trace:
#0 C:\Users\HP OEM\Desktop\ci-testing\vendor\codeigniter4\framework\system\Database\BaseConnection.php(391): CodeIgniter\Database\MySQLi\Connection->connect(false)
#1 C:\Users\HP OEM\Desktop\ci-testing\vendor\codeigniter4\framework\system\Database\BaseConnection.php(574): CodeIgniter\Database\BaseConnection->initialize()
#2 C:\Users\HP OEM\Desktop\ci-testing\vendor\codeigniter4\framework\system\Database\BaseBuilder.php(1616): CodeIgniter\Database\BaseConnection->query('SELECT *\nFROM `...', Array, false)
#3 C:\Users\HP OEM\Desktop\ci-testing\vendor\codeigniter4\framework\system\Model.php(241): CodeIgniter\Database\BaseBuilder->get()
#4 C:\Users\HP OEM\Desktop\ci-testing\vendor\codeigniter4\framework\system\BaseModel.php(618): CodeIgniter\Model->doFindAll(0, 0)
#5 C:\Users\HP OEM\Desktop\ci-testing\app\Models\NewsModel.php(14): CodeIgniter\BaseModel->findAll()
#6 C:\Users\HP OEM\Desktop\ci-testing\app\Controllers\News.php(16): App\Models\NewsModel->getNews()
#7 C:\Users\HP OEM\Desktop\ci-testing\vendor\codeigniter4\framework\system\CodeIgniter.php(934): App\Controllers\News->index()
#8 C:\Users\HP OEM\Desktop\ci-testing\vendor\codeigniter4\framework\system\CodeIgniter.php(499): CodeIgniter\CodeIgniter->runController(Object(App\Controllers\News))
#9 C:\Users\HP OEM\Desktop\ci-testing\vendor\codeigniter4\framework\system\CodeIgniter.php(368): CodeIgniter\CodeIgniter->handleRequest(NULL, Object(Config\Cache), false)
#10 C:\Users\HP OEM\Desktop\ci-testing\public\index.php(67): CodeIgniter\CodeIgniter->run()
#11 C:\Users\HP OEM\Desktop\ci-testing\vendor\codeigniter4\framework\system\Commands\Server\rewrite.php(47): require_once('C:\\Users\\HP OEM...')
#12 {main}
CRITICAL - 2023-05-24 07:29:12 --> Unable to connect to the database.
Main connection [MySQLi]: Access denied for user '****'@'localhost' (using password: YES)
in SYSTEMPATH\Database\BaseConnection.php on line 427.
 1 SYSTEMPATH\Database\BaseConnection.php(574): CodeIgniter\Database\BaseConnection->initialize()
 2 SYSTEMPATH\Database\BaseBuilder.php(1616): CodeIgniter\Database\BaseConnection->query('SELECT *
FROM `news`', [], false)
 3 SYSTEMPATH\Model.php(241): CodeIgniter\Database\BaseBuilder->get()
 4 SYSTEMPATH\BaseModel.php(618): CodeIgniter\Model->doFindAll(0, 0)
 5 APPPATH\Models\NewsModel.php(14): CodeIgniter\BaseModel->findAll()
 6 APPPATH\Controllers\News.php(16): App\Models\NewsModel->getNews()
 7 SYSTEMPATH\CodeIgniter.php(934): App\Controllers\News->index()
 8 SYSTEMPATH\CodeIgniter.php(499): CodeIgniter\CodeIgniter->runController(Object(App\Controllers\News))
 9 SYSTEMPATH\CodeIgniter.php(368): CodeIgniter\CodeIgniter->handleRequest(null, Object(Config\Cache), false)
10 FCPATH\index.php(67): CodeIgniter\CodeIgniter->run()
11 SYSTEMPATH\Commands\Server\rewrite.php(47): require_once('C:\\Users\\HP OEM\\Desktop\\ci-testing\\public\\index.php')
CRITICAL - 2023-05-24 07:33:56 --> Invalid file: "templates/header.php"
in SYSTEMPATH\Exceptions\FrameworkException.php on line 33.
 1 SYSTEMPATH\View\View.php(201): CodeIgniter\Exceptions\FrameworkException::forInvalidFile('templates/header.php')
 2 SYSTEMPATH\Common.php(1184): CodeIgniter\View\View->render('templates/header', [], true)
 3 APPPATH\Controllers\News.php(20): view('templates/header', [...])
 4 SYSTEMPATH\CodeIgniter.php(934): App\Controllers\News->index()
 5 SYSTEMPATH\CodeIgniter.php(499): CodeIgniter\CodeIgniter->runController(Object(App\Controllers\News))
 6 SYSTEMPATH\CodeIgniter.php(368): CodeIgniter\CodeIgniter->handleRequest(null, Object(Config\Cache), false)
 7 FCPATH\index.php(67): CodeIgniter\CodeIgniter->run()
 8 SYSTEMPATH\Commands\Server\rewrite.php(47): require_once('C:\\Users\\HP OEM\\Desktop\\ci-testing\\public\\index.php')
CRITICAL - 2023-05-24 07:34:09 --> Invalid file: "templates/header.php"
in SYSTEMPATH\Exceptions\FrameworkException.php on line 33.
 1 SYSTEMPATH\View\View.php(201): CodeIgniter\Exceptions\FrameworkException::forInvalidFile('templates/header.php')
 2 SYSTEMPATH\Common.php(1184): CodeIgniter\View\View->render('templates/header', [], true)
 3 APPPATH\Controllers\News.php(20): view('templates/header', [...])
 4 SYSTEMPATH\CodeIgniter.php(934): App\Controllers\News->index()
 5 SYSTEMPATH\CodeIgniter.php(499): CodeIgniter\CodeIgniter->runController(Object(App\Controllers\News))
 6 SYSTEMPATH\CodeIgniter.php(368): CodeIgniter\CodeIgniter->handleRequest(null, Object(Config\Cache), false)
 7 FCPATH\index.php(67): CodeIgniter\CodeIgniter->run()
 8 SYSTEMPATH\Commands\Server\rewrite.php(47): require_once('C:\\Users\\HP OEM\\Desktop\\ci-testing\\public\\index.php')
CRITICAL - 2023-05-24 07:43:24 --> Invalid file: "templates/header.php"
in SYSTEMPATH\Exceptions\FrameworkException.php on line 33.
 1 SYSTEMPATH\View\View.php(201): CodeIgniter\Exceptions\FrameworkException::forInvalidFile('templates/header.php')
 2 SYSTEMPATH\Common.php(1184): CodeIgniter\View\View->render('templates/header', [], true)
 3 APPPATH\Controllers\News.php(20): view('templates/header', [...])
 4 SYSTEMPATH\CodeIgniter.php(934): App\Controllers\News->index()
 5 SYSTEMPATH\CodeIgniter.php(499): CodeIgniter\CodeIgniter->runController(Object(App\Controllers\News))
 6 SYSTEMPATH\CodeIgniter.php(368): CodeIgniter\CodeIgniter->handleRequest(null, Object(Config\Cache), false)
 7 FCPATH\index.php(67): CodeIgniter\CodeIgniter->run()
 8 SYSTEMPATH\Commands\Server\rewrite.php(47): require_once('C:\\Users\\HP OEM\\Desktop\\ci-testing\\public\\index.php')
CRITICAL - 2023-05-24 07:43:37 --> Invalid file: "templates/header.php"
in SYSTEMPATH\Exceptions\FrameworkException.php on line 33.
 1 SYSTEMPATH\View\View.php(201): CodeIgniter\Exceptions\FrameworkException::forInvalidFile('templates/header.php')
 2 SYSTEMPATH\Common.php(1184): CodeIgniter\View\View->render('templates/header', [], true)
 3 APPPATH\Controllers\News.php(20): view('templates/header', [...])
 4 SYSTEMPATH\CodeIgniter.php(934): App\Controllers\News->index()
 5 SYSTEMPATH\CodeIgniter.php(499): CodeIgniter\CodeIgniter->runController(Object(App\Controllers\News))
 6 SYSTEMPATH\CodeIgniter.php(368): CodeIgniter\CodeIgniter->handleRequest(null, Object(Config\Cache), false)
 7 FCPATH\index.php(67): CodeIgniter\CodeIgniter->run()
 8 SYSTEMPATH\Commands\Server\rewrite.php(47): require_once('C:\\Users\\HP OEM\\Desktop\\ci-testing\\public\\index.php')
CRITICAL - 2023-05-24 07:43:40 --> Invalid file: "templates/header.php"
in SYSTEMPATH\Exceptions\FrameworkException.php on line 33.
 1 SYSTEMPATH\View\View.php(201): CodeIgniter\Exceptions\FrameworkException::forInvalidFile('templates/header.php')
 2 SYSTEMPATH\Common.php(1184): CodeIgniter\View\View->render('templates/header', [], true)
 3 APPPATH\Controllers\News.php(20): view('templates/header', [...])
 4 SYSTEMPATH\CodeIgniter.php(934): App\Controllers\News->index()
 5 SYSTEMPATH\CodeIgniter.php(499): CodeIgniter\CodeIgniter->runController(Object(App\Controllers\News))
 6 SYSTEMPATH\CodeIgniter.php(368): CodeIgniter\CodeIgniter->handleRequest(null, Object(Config\Cache), false)
 7 FCPATH\index.php(67): CodeIgniter\CodeIgniter->run()
 8 SYSTEMPATH\Commands\Server\rewrite.php(47): require_once('C:\\Users\\HP OEM\\Desktop\\ci-testing\\public\\index.php')
