CRITICAL - 2023-05-19 08:33:26 --> Invalid file: "/todo/todolist.php"
in SYSTEMPATH\Exceptions\FrameworkException.php on line 33.
 1 SYSTEMPATH\View\View.php(201): CodeIgniter\Exceptions\FrameworkException::forInvalidFile('/todo/todolist.php')
 2 SYSTEMPATH\Common.php(1184): CodeIgniter\View\View->render('/todo/todolist', [], true)
 3 APPPATH\Controllers\Todo.php(21): view('/todo/todolist', [...])
 4 SYSTEMPATH\CodeIgniter.php(934): App\Controllers\Todo->index()
 5 SYSTEMPATH\CodeIgniter.php(499): CodeIgniter\CodeIgniter->runController(Object(App\Controllers\Todo))
 6 SYSTEMPATH\CodeIgniter.php(368): CodeIgniter\CodeIgniter->handleRequest(null, Object(Config\Cache), false)
 7 FCPATH\index.php(67): CodeIgniter\CodeIgniter->run()
 8 SYSTEMPATH\Commands\Server\rewrite.php(47): require_once('C:\\Users\\HP OEM\\Desktop\\ci-testing\\public\\index.php')
CRITICAL - 2023-05-19 08:33:33 --> Invalid file: "/todo/todolist.php"
in SYSTEMPATH\Exceptions\FrameworkException.php on line 33.
 1 SYSTEMPATH\View\View.php(201): CodeIgniter\Exceptions\FrameworkException::forInvalidFile('/todo/todolist.php')
 2 SYSTEMPATH\Common.php(1184): CodeIgniter\View\View->render('/todo/todolist', [], true)
 3 APPPATH\Controllers\Todo.php(21): view('/todo/todolist', [...])
 4 SYSTEMPATH\CodeIgniter.php(934): App\Controllers\Todo->index()
 5 SYSTEMPATH\CodeIgniter.php(499): CodeIgniter\CodeIgniter->runController(Object(App\Controllers\Todo))
 6 SYSTEMPATH\CodeIgniter.php(368): CodeIgniter\CodeIgniter->handleRequest(null, Object(Config\Cache), false)
 7 FCPATH\index.php(67): CodeIgniter\CodeIgniter->run()
 8 SYSTEMPATH\Commands\Server\rewrite.php(47): require_once('C:\\Users\\HP OEM\\Desktop\\ci-testing\\public\\index.php')
CRITICAL - 2023-05-19 08:36:10 --> Invalid file: "/todo/todolist.php"
in SYSTEMPATH\Exceptions\FrameworkException.php on line 33.
 1 SYSTEMPATH\View\View.php(201): CodeIgniter\Exceptions\FrameworkException::forInvalidFile('/todo/todolist.php')
 2 SYSTEMPATH\Common.php(1184): CodeIgniter\View\View->render('/todo/todolist', [], true)
 3 APPPATH\Controllers\Todo.php(21): view('/todo/todolist', [...])
 4 SYSTEMPATH\CodeIgniter.php(934): App\Controllers\Todo->index()
 5 SYSTEMPATH\CodeIgniter.php(499): CodeIgniter\CodeIgniter->runController(Object(App\Controllers\Todo))
 6 SYSTEMPATH\CodeIgniter.php(368): CodeIgniter\CodeIgniter->handleRequest(null, Object(Config\Cache), false)
 7 FCPATH\index.php(67): CodeIgniter\CodeIgniter->run()
 8 SYSTEMPATH\Commands\Server\rewrite.php(47): require_once('C:\\Users\\HP OEM\\Desktop\\ci-testing\\public\\index.php')
CRITICAL - 2023-05-19 08:39:40 --> Invalid file: "/todo/todolist.php"
in SYSTEMPATH\Exceptions\FrameworkException.php on line 33.
 1 SYSTEMPATH\View\View.php(201): CodeIgniter\Exceptions\FrameworkException::forInvalidFile('/todo/todolist.php')
 2 SYSTEMPATH\Common.php(1184): CodeIgniter\View\View->render('/todo/todolist', [], true)
 3 APPPATH\Controllers\Todo.php(21): view('/todo/todolist', [...])
 4 SYSTEMPATH\CodeIgniter.php(934): App\Controllers\Todo->index()
 5 SYSTEMPATH\CodeIgniter.php(499): CodeIgniter\CodeIgniter->runController(Object(App\Controllers\Todo))
 6 SYSTEMPATH\CodeIgniter.php(368): CodeIgniter\CodeIgniter->handleRequest(null, Object(Config\Cache), false)
 7 FCPATH\index.php(67): CodeIgniter\CodeIgniter->run()
 8 SYSTEMPATH\Commands\Server\rewrite.php(47): require_once('C:\\Users\\HP OEM\\Desktop\\ci-testing\\public\\index.php')
CRITICAL - 2023-05-19 08:43:45 --> Invalid file: "/todo/todolist.php"
in SYSTEMPATH\Exceptions\FrameworkException.php on line 33.
 1 SYSTEMPATH\View\View.php(201): CodeIgniter\Exceptions\FrameworkException::forInvalidFile('/todo/todolist.php')
 2 SYSTEMPATH\Common.php(1184): CodeIgniter\View\View->render('/todo/todolist', [], true)
 3 APPPATH\Controllers\Todo.php(21): view('/todo/todolist', [...])
 4 SYSTEMPATH\CodeIgniter.php(934): App\Controllers\Todo->index()
 5 SYSTEMPATH\CodeIgniter.php(499): CodeIgniter\CodeIgniter->runController(Object(App\Controllers\Todo))
 6 SYSTEMPATH\CodeIgniter.php(368): CodeIgniter\CodeIgniter->handleRequest(null, Object(Config\Cache), false)
 7 FCPATH\index.php(67): CodeIgniter\CodeIgniter->run()
 8 SYSTEMPATH\Commands\Server\rewrite.php(47): require_once('C:\\Users\\HP OEM\\Desktop\\ci-testing\\public\\index.php')
